<?xml version="1.0" encoding="UTF-8"?>
<!-- Generated by org.testng.reporters.JUnitReportReporter -->
<testsuite skipped="0" hostname="PPRIKQ-PC" name="tests.ProfileTest" tests="2" failures="0" timestamp="2020-09-30T21:53:52 CEST" time="26.162" errors="0">
  <testcase name="edit_profile_test" time="16.090" classname="tests.ProfileTest"/>
  <testcase name="change_profile_image_test" time="10.072" classname="tests.ProfileTest"/>
</testsuite> <!-- tests.ProfileTest -->
