<?xml version="1.0" encoding="UTF-8"?>
<!-- Generated by org.testng.reporters.JUnitReportReporter -->
<testsuite skipped="0" hostname="PPRIKQ-PC" name="tests.ProfileTest" tests="2" failures="0" timestamp="2020-10-01T11:51:34 CEST" time="28.118" errors="0">
  <testcase name="edit_profile_test" time="17.823" classname="tests.ProfileTest"/>
  <testcase name="change_profile_image_test" time="10.295" classname="tests.ProfileTest"/>
</testsuite> <!-- tests.ProfileTest -->
